<?xml version="1.0" encoding="UTF-8"?>
<!-- Generated by org.testng.reporters.JUnitXMLReporter -->
<testsuite hostname="TheToilet-PC" ignored="0" name="Test Valid Book Search provides book info" tests="2" failures="0" timestamp="2022-07-04T19:04:28 EDT" time="9.663" errors="0">
  <testcase name="feature" time="5.577" classname="com.project2.TestRunner"/>
  <testcase name="runScenario" time="3.28" classname="io.cucumber.testng.AbstractTestNGCucumberTests"/>
</testsuite> <!-- Test Valid Book Search provides book info -->
