<?xml version="1.0" encoding="UTF-8"?>
<!-- Generated by org.testng.reporters.JUnitXMLReporter -->
<testsuite hostname="TheToilet-PC" ignored="0" name="Test Valid Book Search provides book info" tests="6" failures="0" timestamp="2022-07-05T09:59:50 EDT" time="53.273" errors="0">
  <testcase name="feature" time="8.372" classname="com.project2.TestRunner"/>
  <testcase name="feature" time="9.526" classname="com.project2.TestRunner"/>
  <testcase name="feature" time="9.698" classname="com.project2.TestRunner"/>
  <testcase name="runScenario" time="6.218" classname="io.cucumber.testng.AbstractTestNGCucumberTests"/>
  <testcase name="runScenario" time="9.24" classname="io.cucumber.testng.AbstractTestNGCucumberTests"/>
  <testcase name="runScenario" time="9.413" classname="io.cucumber.testng.AbstractTestNGCucumberTests"/>
</testsuite> <!-- Test Valid Book Search provides book info -->
