<?xml version="1.0" encoding="UTF-8"?>
<!-- Generated by org.testng.reporters.JUnitXMLReporter -->
<testsuite hostname="OT" ignored="0" name="Test Valid Book Search provides book info" tests="6" failures="0" timestamp="2022-07-06T15:03:01 EDT" time="55.434" errors="0">
  <testcase name="feature" time="9.205" classname="com.project2.TestRunner"/>
  <testcase name="feature" time="9.491" classname="com.project2.TestRunner"/>
  <testcase name="feature" time="9.482" classname="com.project2.TestRunner"/>
  <testcase name="runScenario" time="6.891" classname="io.cucumber.testng.AbstractTestNGCucumberTests"/>
  <testcase name="runScenario" time="9.904" classname="io.cucumber.testng.AbstractTestNGCucumberTests"/>
  <testcase name="runScenario" time="9.24" classname="io.cucumber.testng.AbstractTestNGCucumberTests"/>
</testsuite> <!-- Test Valid Book Search provides book info -->
