<?xml version="1.0" encoding="UTF-8"?>
<!-- Generated by org.testng.reporters.JUnitXMLReporter -->
<testsuite hostname="TheToilet-PC" ignored="0" name="Test Valid Book Search provides book info" tests="4" failures="0" timestamp="2022-07-05T00:27:03 EDT" time="26.558" errors="0">
  <testcase name="feature" time="6.634" classname="com.project2.TestRunner"/>
  <testcase name="feature" time="7.36" classname="com.project2.TestRunner"/>
  <testcase name="runScenario" time="4.449" classname="io.cucumber.testng.AbstractTestNGCucumberTests"/>
  <testcase name="runScenario" time="7.319" classname="io.cucumber.testng.AbstractTestNGCucumberTests"/>
</testsuite> <!-- Test Valid Book Search provides book info -->
