<?xml version="1.0" encoding="UTF-8"?>
<!-- Generated by org.testng.reporters.JUnitXMLReporter -->
<testsuite hostname="OT" ignored="0" name="Test Valid Book Search provides book info" tests="6" failures="0" timestamp="2022-07-05T01:03:20 EDT" time="54.624" errors="0">
  <testcase name="feature" time="8.161" classname="com.project2.TestRunner"/>
  <testcase name="feature" time="10.283" classname="com.project2.TestRunner"/>
  <testcase name="feature" time="9.427" classname="com.project2.TestRunner"/>
  <testcase name="runScenario" time="6.906" classname="io.cucumber.testng.AbstractTestNGCucumberTests"/>
  <testcase name="runScenario" time="10.013" classname="io.cucumber.testng.AbstractTestNGCucumberTests"/>
  <testcase name="runScenario" time="9.194" classname="io.cucumber.testng.AbstractTestNGCucumberTests"/>
</testsuite> <!-- Test Valid Book Search provides book info -->
