<?xml version="1.0" encoding="UTF-8"?>
<!-- Generated by org.testng.reporters.JUnitXMLReporter -->
<testsuite hostname="TheToilet-PC" ignored="0" name="Test Valid Book Search provides book info" tests="4" failures="0" timestamp="2022-07-05T00:11:10 EDT" time="26.973" errors="0">
  <testcase name="feature" time="7.047" classname="com.project2.TestRunner"/>
  <testcase name="feature" time="7.401" classname="com.project2.TestRunner"/>
  <testcase name="runScenario" time="4.289" classname="io.cucumber.testng.AbstractTestNGCucumberTests"/>
  <testcase name="runScenario" time="7.386" classname="io.cucumber.testng.AbstractTestNGCucumberTests"/>
</testsuite> <!-- Test Valid Book Search provides book info -->
