<?xml version="1.0" encoding="UTF-8"?>
<!-- Generated by org.testng.reporters.JUnitXMLReporter -->
<testsuite hostname="TheToilet-PC" ignored="0" name="Test Valid Book Search provides book info" tests="2" failures="0" timestamp="2022-07-04T20:44:39 EDT" time="9.828" errors="0">
  <testcase name="feature" time="5.891" classname="com.project2.TestRunner"/>
  <testcase name="runScenario" time="3.165" classname="io.cucumber.testng.AbstractTestNGCucumberTests"/>
</testsuite> <!-- Test Valid Book Search provides book info -->
