<?xml version="1.0" encoding="UTF-8"?>
<!-- Generated by org.testng.reporters.JUnitXMLReporter -->
<testsuite hostname="OT" ignored="0" name="Test Valid Book Search provides book info" tests="6" failures="0" timestamp="2022-07-06T15:39:34 EDT" time="56.407" errors="0">
  <testcase name="feature" time="9.451" classname="com.project2.TestRunner"/>
  <testcase name="feature" time="9.87" classname="com.project2.TestRunner"/>
  <testcase name="feature" time="9.369" classname="com.project2.TestRunner"/>
  <testcase name="runScenario" time="6.744" classname="io.cucumber.testng.AbstractTestNGCucumberTests"/>
  <testcase name="runScenario" time="10.583" classname="io.cucumber.testng.AbstractTestNGCucumberTests"/>
  <testcase name="runScenario" time="9.26" classname="io.cucumber.testng.AbstractTestNGCucumberTests"/>
</testsuite> <!-- Test Valid Book Search provides book info -->
