<?xml version="1.0" encoding="UTF-8"?>
<!-- Generated by org.testng.reporters.JUnitXMLReporter -->
<testsuite hostname="DESKTOP-13GBCG0" ignored="0" name="Test Valid Book Search provides book info" tests="2" failures="0" timestamp="2022-07-04T11:08:57 EDT" time="11.666" errors="0">
  <testcase name="feature" time="7.251" classname="com.project2.TestRunner"/>
  <testcase name="runScenario" time="3.382" classname="io.cucumber.testng.AbstractTestNGCucumberTests"/>
</testsuite> <!-- Test Valid Book Search provides book info -->
