<?xml version="1.0" encoding="UTF-8"?>
<testng-results skipped="0" failed="0" ignored="0" total="2" passed="2">
  <reporter-output>
  </reporter-output>
  <suite name="Surefire suite" duration-ms="806" started-at="2022-07-05T17:28:07 EDT" finished-at="2022-07-05T17:28:08 EDT">
    <groups>
    </groups>
    <test name="Surefire test" duration-ms="806" started-at="2022-07-05T17:28:07 EDT" finished-at="2022-07-05T17:28:08 EDT">
      <class name="com.project2.RegisterUserTest">
        <test-method status="PASS" signature="testUserDaoInsertNegative()[pri:0, instance:com.project2.RegisterUserTest@4923ab24]" name="testUserDaoInsertNegative" duration-ms="723" started-at="2022-07-05T17:28:07 EDT" finished-at="2022-07-05T17:28:08 EDT">
          <reporter-output>
          </reporter-output>
        </test-method> <!-- testUserDaoInsertNegative -->
        <test-method status="PASS" signature="testUserDaoInsertPositive()[pri:0, instance:com.project2.RegisterUserTest@4923ab24]" name="testUserDaoInsertPositive" duration-ms="48" started-at="2022-07-05T17:28:08 EDT" finished-at="2022-07-05T17:28:08 EDT">
          <reporter-output>
          </reporter-output>
        </test-method> <!-- testUserDaoInsertPositive -->
      </class> <!-- com.project2.RegisterUserTest -->
    </test> <!-- Surefire test -->
  </suite> <!-- Surefire suite -->
</testng-results>
