<?xml version="1.0" encoding="UTF-8"?>
<testng-results skipped="0" failed="0" ignored="0" total="2" passed="2">
  <reporter-output>
  </reporter-output>
  <suite name="Selenium tests with the Home Page" duration-ms="9828" started-at="2022-07-04T20:44:29 EDT" finished-at="2022-07-04T20:44:39 EDT">
    <groups>
      <group name="cucumber">
        <method signature="AbstractTestNGCucumberTests.runScenario(io.cucumber.testng.PickleWrapper,io.cucumber.testng.FeatureWrapper)[pri:0, instance:com.project2.TestRunner@2fd66ad3]" name="runScenario" class="io.cucumber.testng.AbstractTestNGCucumberTests"/>
      </group> <!-- cucumber -->
    </groups>
    <test name="Test Valid Book Search provides book info" duration-ms="9828" started-at="2022-07-04T20:44:29 EDT" finished-at="2022-07-04T20:44:39 EDT">
      <class name="com.project2.TestRunner">
        <test-method status="PASS" signature="setUpClass(org.testng.ITestContext)[pri:0, instance:com.project2.TestRunner@2fd66ad3]" name="setUpClass" is-config="true" duration-ms="673" started-at="2022-07-04T20:44:29 EDT" finished-at="2022-07-04T20:44:30 EDT">
          <params>
            <param index="0">
              <value>
                <![CDATA[org.testng.TestRunner@4dbad37]]>
              </value>
            </param>
          </params>
          <reporter-output>
          </reporter-output>
        </test-method> <!-- setUpClass -->
        <test-method status="PASS" signature="setupClass()[pri:0, instance:com.project2.TestRunner@2fd66ad3]" name="setupClass" is-config="true" duration-ms="17" started-at="2022-07-04T20:44:30 EDT" finished-at="2022-07-04T20:44:30 EDT">
          <reporter-output>
          </reporter-output>
        </test-method> <!-- setupClass -->
        <test-method status="PASS" signature="feature(io.cucumber.testng.PickleWrapper,io.cucumber.testng.FeatureWrapper)[pri:0, instance:com.project2.TestRunner@2fd66ad3]" name="feature" duration-ms="5891" started-at="2022-07-04T20:44:30 EDT" data-provider="features" finished-at="2022-07-04T20:44:35 EDT">
          <params>
            <param index="0">
              <value>
                <![CDATA["A user searches for a book using the title criteria"]]>
              </value>
            </param>
            <param index="1">
              <value>
                <![CDATA["User search Feature"]]>
              </value>
            </param>
          </params>
          <reporter-output>
          </reporter-output>
        </test-method> <!-- feature -->
        <test-method status="PASS" signature="runScenario(io.cucumber.testng.PickleWrapper,io.cucumber.testng.FeatureWrapper)[pri:0, instance:com.project2.TestRunner@2fd66ad3]" name="runScenario" duration-ms="3165" started-at="2022-07-04T20:44:35 EDT" description="Runs Cucumber Scenarios" data-provider="scenarios" finished-at="2022-07-04T20:44:39 EDT">
          <params>
            <param index="0">
              <value>
                <![CDATA["A user searches for a book using the title criteria"]]>
              </value>
            </param>
            <param index="1">
              <value>
                <![CDATA["User search Feature"]]>
              </value>
            </param>
          </params>
          <reporter-output>
          </reporter-output>
        </test-method> <!-- runScenario -->
        <test-method status="PASS" signature="tearDownClass()[pri:0, instance:com.project2.TestRunner@2fd66ad3]" name="tearDownClass" is-config="true" duration-ms="47" started-at="2022-07-04T20:44:39 EDT" finished-at="2022-07-04T20:44:39 EDT">
          <reporter-output>
          </reporter-output>
        </test-method> <!-- tearDownClass -->
      </class> <!-- com.project2.TestRunner -->
    </test> <!-- Test Valid Book Search provides book info -->
  </suite> <!-- Selenium tests with the Home Page -->
</testng-results>
