<?xml version="1.0" encoding="UTF-8"?>
<testng-results skipped="0" failed="0" ignored="0" total="4" passed="4">
  <reporter-output>
  </reporter-output>
  <suite name="Selenium tests with the Home Page" duration-ms="26558" started-at="2022-07-05T00:26:36 EDT" finished-at="2022-07-05T00:27:03 EDT">
    <groups>
      <group name="cucumber">
        <method signature="AbstractTestNGCucumberTests.runScenario(io.cucumber.testng.PickleWrapper,io.cucumber.testng.FeatureWrapper)[pri:0, instance:com.project2.TestRunner@2fd66ad3]" name="runScenario" class="io.cucumber.testng.AbstractTestNGCucumberTests"/>
      </group> <!-- cucumber -->
    </groups>
    <test name="Test Valid Book Search provides book info" duration-ms="26558" started-at="2022-07-05T00:26:36 EDT" finished-at="2022-07-05T00:27:03 EDT">
      <class name="com.project2.TestRunner">
        <test-method status="PASS" signature="setUpClass(org.testng.ITestContext)[pri:0, instance:com.project2.TestRunner@2fd66ad3]" name="setUpClass" is-config="true" duration-ms="687" started-at="2022-07-05T00:26:36 EDT" finished-at="2022-07-05T00:26:37 EDT">
          <params>
            <param index="0">
              <value>
                <![CDATA[org.testng.TestRunner@75961f16]]>
              </value>
            </param>
          </params>
          <reporter-output>
          </reporter-output>
        </test-method> <!-- setUpClass -->
        <test-method status="PASS" signature="setupClass()[pri:0, instance:com.project2.TestRunner@2fd66ad3]" name="setupClass" is-config="true" duration-ms="27" started-at="2022-07-05T00:26:37 EDT" finished-at="2022-07-05T00:26:37 EDT">
          <reporter-output>
          </reporter-output>
        </test-method> <!-- setupClass -->
        <test-method status="PASS" signature="feature(io.cucumber.testng.PickleWrapper,io.cucumber.testng.FeatureWrapper)[pri:0, instance:com.project2.TestRunner@2fd66ad3]" name="feature" duration-ms="6634" started-at="2022-07-05T00:26:37 EDT" data-provider="features" finished-at="2022-07-05T00:26:43 EDT">
          <params>
            <param index="0">
              <value>
                <![CDATA["A user searches for a book using the title criteria"]]>
              </value>
            </param>
            <param index="1">
              <value>
                <![CDATA["User search Feature"]]>
              </value>
            </param>
          </params>
          <reporter-output>
          </reporter-output>
        </test-method> <!-- feature -->
        <test-method status="PASS" signature="feature(io.cucumber.testng.PickleWrapper,io.cucumber.testng.FeatureWrapper)[pri:0, instance:com.project2.TestRunner@2fd66ad3]" name="feature" duration-ms="7360" started-at="2022-07-05T00:26:43 EDT" data-provider="features" finished-at="2022-07-05T00:26:51 EDT">
          <params>
            <param index="0">
              <value>
                <![CDATA["Verification of Login Function (Successful Login)"]]>
              </value>
            </param>
            <param index="1">
              <value>
                <![CDATA["User Login Feature use my application, want to be able to Login"]]>
              </value>
            </param>
          </params>
          <reporter-output>
          </reporter-output>
        </test-method> <!-- feature -->
        <test-method status="PASS" signature="runScenario(io.cucumber.testng.PickleWrapper,io.cucumber.testng.FeatureWrapper)[pri:0, instance:com.project2.TestRunner@2fd66ad3]" name="runScenario" duration-ms="4449" started-at="2022-07-05T00:26:51 EDT" description="Runs Cucumber Scenarios" data-provider="scenarios" finished-at="2022-07-05T00:26:55 EDT">
          <params>
            <param index="0">
              <value>
                <![CDATA["A user searches for a book using the title criteria"]]>
              </value>
            </param>
            <param index="1">
              <value>
                <![CDATA["User search Feature"]]>
              </value>
            </param>
          </params>
          <reporter-output>
          </reporter-output>
        </test-method> <!-- runScenario -->
        <test-method status="PASS" signature="runScenario(io.cucumber.testng.PickleWrapper,io.cucumber.testng.FeatureWrapper)[pri:0, instance:com.project2.TestRunner@2fd66ad3]" name="runScenario" duration-ms="7319" started-at="2022-07-05T00:26:55 EDT" description="Runs Cucumber Scenarios" data-provider="scenarios" finished-at="2022-07-05T00:27:03 EDT">
          <params>
            <param index="0">
              <value>
                <![CDATA["Verification of Login Function (Successful Login)"]]>
              </value>
            </param>
            <param index="1">
              <value>
                <![CDATA["User Login Feature use my application, want to be able to Login"]]>
              </value>
            </param>
          </params>
          <reporter-output>
          </reporter-output>
        </test-method> <!-- runScenario -->
        <test-method status="PASS" signature="tearDownClass()[pri:0, instance:com.project2.TestRunner@2fd66ad3]" name="tearDownClass" is-config="true" duration-ms="41" started-at="2022-07-05T00:27:03 EDT" finished-at="2022-07-05T00:27:03 EDT">
          <reporter-output>
          </reporter-output>
        </test-method> <!-- tearDownClass -->
      </class> <!-- com.project2.TestRunner -->
    </test> <!-- Test Valid Book Search provides book info -->
  </suite> <!-- Selenium tests with the Home Page -->
</testng-results>
