<?xml version="1.0" encoding="UTF-8"?>
<testng-results skipped="0" failed="0" ignored="0" total="2" passed="2">
  <reporter-output>
  </reporter-output>
  <suite name="Surefire suite" duration-ms="752" started-at="2022-07-06T13:34:37 EDT" finished-at="2022-07-06T13:34:38 EDT">
    <groups>
    </groups>
    <test name="Surefire test" duration-ms="752" started-at="2022-07-06T13:34:37 EDT" finished-at="2022-07-06T13:34:38 EDT">
      <class name="com.project2.SearchBookTest">
        <test-method status="PASS" signature="testBookDaoSearchNegative()[pri:0, instance:com.project2.SearchBookTest@4923ab24]" name="testBookDaoSearchNegative" duration-ms="692" started-at="2022-07-06T13:34:37 EDT" finished-at="2022-07-06T13:34:38 EDT">
          <reporter-output>
          </reporter-output>
        </test-method> <!-- testBookDaoSearchNegative -->
        <test-method status="PASS" signature="testBookDaoSearchPositive()[pri:0, instance:com.project2.SearchBookTest@4923ab24]" name="testBookDaoSearchPositive" duration-ms="26" started-at="2022-07-06T13:34:38 EDT" finished-at="2022-07-06T13:34:38 EDT">
          <reporter-output>
          </reporter-output>
        </test-method> <!-- testBookDaoSearchPositive -->
      </class> <!-- com.project2.SearchBookTest -->
    </test> <!-- Surefire test -->
  </suite> <!-- Surefire suite -->
</testng-results>
