<?xml version="1.0" encoding="UTF-8"?>
<testng-results skipped="0" failed="2" ignored="0" total="2" passed="0">
  <reporter-output>
  </reporter-output>
  <suite name="Selenium tests with the Login Page" duration-ms="25543" started-at="2022-07-04T15:22:06 EDT" finished-at="2022-07-04T15:22:32 EDT">
    <groups>
      <group name="cucumber">
        <method signature="AbstractTestNGCucumberTests.runScenario(io.cucumber.testng.PickleWrapper,io.cucumber.testng.FeatureWrapper)[pri:0, instance:com.project2.TestRunner@710726a3]" name="runScenario" class="io.cucumber.testng.AbstractTestNGCucumberTests"/>
      </group> <!-- cucumber -->
    </groups>
    <test name="Test Valid User Login " duration-ms="25543" started-at="2022-07-04T15:22:06 EDT" finished-at="2022-07-04T15:22:32 EDT">
      <class name="com.project2.TestRunner">
        <test-method status="PASS" signature="setUpClass(org.testng.ITestContext)[pri:0, instance:com.project2.TestRunner@710726a3]" name="setUpClass" is-config="true" duration-ms="639" started-at="2022-07-04T15:22:06 EDT" finished-at="2022-07-04T15:22:07 EDT">
          <params>
            <param index="0">
              <value>
                <![CDATA[org.testng.TestRunner@2b56f5f8]]>
              </value>
            </param>
          </params>
          <reporter-output>
          </reporter-output>
        </test-method> <!-- setUpClass -->
        <test-method status="PASS" signature="setupClass()[pri:0, instance:com.project2.TestRunner@710726a3]" name="setupClass" is-config="true" duration-ms="16" started-at="2022-07-04T15:22:07 EDT" finished-at="2022-07-04T15:22:07 EDT">
          <reporter-output>
          </reporter-output>
        </test-method> <!-- setupClass -->
        <test-method status="FAIL" signature="feature(io.cucumber.testng.PickleWrapper,io.cucumber.testng.FeatureWrapper)[pri:0, instance:com.project2.TestRunner@710726a3]" name="feature" duration-ms="13480" started-at="2022-07-04T15:22:07 EDT" data-provider="features" finished-at="2022-07-04T15:22:21 EDT">
          <params>
            <param index="0">
              <value>
                <![CDATA["Verification of Login Function"]]>
              </value>
            </param>
            <param index="1">
              <value>
                <![CDATA["User Login Feature"]]>
              </value>
            </param>
          </params>
          <exception class="org.openqa.selenium.WebDriverException">
            <message>
              <![CDATA[unknown error: net::ERR_CONNECTION_REFUSED
  (Session info: chrome=103.0.5060.66)
Build info: version: '4.0.0', revision: '3a21814679'
System info: host: 'DESKTOP-13GBCG0', ip: '10.0.0.193', os.name: 'Windows 10', os.arch: 'amd64', os.version: '10.0', java.version: '1.8.0_333'
Driver info: org.openqa.selenium.chrome.ChromeDriver
Command: [3f100a5d80b24a47e74bc70e441dd64f, get {url=http://localhost:9090/}]
Capabilities {acceptInsecureCerts: false, browserName: chrome, browserVersion: 103.0.5060.66, chrome: {chromedriverVersion: 103.0.5060.53 (a1711811edd7..., userDataDir: C:\Users\dhine\AppData\Loca...}, goog:chromeOptions: {debuggerAddress: localhost:55797}, javascriptEnabled: true, networkConnectionEnabled: false, pageLoadStrategy: normal, platform: WINDOWS, platformName: WINDOWS, proxy: Proxy(), se:cdp: ws://localhost:55797/devtoo..., se:cdpVersion: 103.0.5060.66, setWindowRect: true, strictFileInteractability: false, timeouts: {implicit: 0, pageLoad: 300000, script: 30000}, unhandledPromptBehavior: dismiss and notify, webauthn:extension:credBlob: true, webauthn:extension:largeBlob: true, webauthn:virtualAuthenticators: true}
Session ID: 3f100a5d80b24a47e74bc70e441dd64f]]>
            </message>
            <full-stacktrace>
              <![CDATA[org.openqa.selenium.WebDriverException: unknown error: net::ERR_CONNECTION_REFUSED
  (Session info: chrome=103.0.5060.66)
Build info: version: '4.0.0', revision: '3a21814679'
System info: host: 'DESKTOP-13GBCG0', ip: '10.0.0.193', os.name: 'Windows 10', os.arch: 'amd64', os.version: '10.0', java.version: '1.8.0_333'
Driver info: org.openqa.selenium.chrome.ChromeDriver
Command: [3f100a5d80b24a47e74bc70e441dd64f, get {url=http://localhost:9090/}]
Capabilities {acceptInsecureCerts: false, browserName: chrome, browserVersion: 103.0.5060.66, chrome: {chromedriverVersion: 103.0.5060.53 (a1711811edd7..., userDataDir: C:\Users\dhine\AppData\Loca...}, goog:chromeOptions: {debuggerAddress: localhost:55797}, javascriptEnabled: true, networkConnectionEnabled: false, pageLoadStrategy: normal, platform: WINDOWS, platformName: WINDOWS, proxy: Proxy(), se:cdp: ws://localhost:55797/devtoo..., se:cdpVersion: 103.0.5060.66, setWindowRect: true, strictFileInteractability: false, timeouts: {implicit: 0, pageLoad: 300000, script: 30000}, unhandledPromptBehavior: dismiss and notify, webauthn:extension:credBlob: true, webauthn:extension:largeBlob: true, webauthn:virtualAuthenticators: true}
Session ID: 3f100a5d80b24a47e74bc70e441dd64f
at sun.reflect.NativeConstructorAccessorImpl.newInstance0(Native Method)
at sun.reflect.NativeConstructorAccessorImpl.newInstance(NativeConstructorAccessorImpl.java:62)
at sun.reflect.DelegatingConstructorAccessorImpl.newInstance(DelegatingConstructorAccessorImpl.java:45)
at java.lang.reflect.Constructor.newInstance(Constructor.java:423)
at org.openqa.selenium.remote.codec.w3c.W3CHttpResponseCodec.createException(W3CHttpResponseCodec.java:200)
at org.openqa.selenium.remote.codec.w3c.W3CHttpResponseCodec.decode(W3CHttpResponseCodec.java:133)
at org.openqa.selenium.remote.codec.w3c.W3CHttpResponseCodec.decode(W3CHttpResponseCodec.java:53)
at org.openqa.selenium.remote.HttpCommandExecutor.execute(HttpCommandExecutor.java:184)
at org.openqa.selenium.remote.service.DriverCommandExecutor.invokeExecute(DriverCommandExecutor.java:164)
at org.openqa.selenium.remote.service.DriverCommandExecutor.execute(DriverCommandExecutor.java:139)
at org.openqa.selenium.remote.RemoteWebDriver.execute(RemoteWebDriver.java:559)
at org.openqa.selenium.remote.RemoteWebDriver.get(RemoteWebDriver.java:328)
at com.project2.StepDefinitions.HomepageStepImpl.setup(HomepageStepImpl.java:30)
]]>
            </full-stacktrace>
          </exception> <!-- org.openqa.selenium.WebDriverException -->
          <reporter-output>
          </reporter-output>
        </test-method> <!-- feature -->
        <test-method status="FAIL" signature="runScenario(io.cucumber.testng.PickleWrapper,io.cucumber.testng.FeatureWrapper)[pri:0, instance:com.project2.TestRunner@710726a3]" name="runScenario" duration-ms="11026" started-at="2022-07-04T15:22:21 EDT" description="Runs Cucumber Scenarios" data-provider="scenarios" finished-at="2022-07-04T15:22:32 EDT">
          <params>
            <param index="0">
              <value>
                <![CDATA["Verification of Login Function"]]>
              </value>
            </param>
            <param index="1">
              <value>
                <![CDATA["User Login Feature"]]>
              </value>
            </param>
          </params>
          <exception class="org.openqa.selenium.WebDriverException">
            <message>
              <![CDATA[unknown error: net::ERR_CONNECTION_REFUSED
  (Session info: chrome=103.0.5060.66)
Build info: version: '4.0.0', revision: '3a21814679'
System info: host: 'DESKTOP-13GBCG0', ip: '10.0.0.193', os.name: 'Windows 10', os.arch: 'amd64', os.version: '10.0', java.version: '1.8.0_333'
Driver info: org.openqa.selenium.chrome.ChromeDriver
Command: [d7e02a430f2b30a63aa34a225376a610, get {url=http://localhost:9090/}]
Capabilities {acceptInsecureCerts: false, browserName: chrome, browserVersion: 103.0.5060.66, chrome: {chromedriverVersion: 103.0.5060.53 (a1711811edd7..., userDataDir: C:\Users\dhine\AppData\Loca...}, goog:chromeOptions: {debuggerAddress: localhost:55848}, javascriptEnabled: true, networkConnectionEnabled: false, pageLoadStrategy: normal, platform: WINDOWS, platformName: WINDOWS, proxy: Proxy(), se:cdp: ws://localhost:55848/devtoo..., se:cdpVersion: 103.0.5060.66, setWindowRect: true, strictFileInteractability: false, timeouts: {implicit: 0, pageLoad: 300000, script: 30000}, unhandledPromptBehavior: dismiss and notify, webauthn:extension:credBlob: true, webauthn:extension:largeBlob: true, webauthn:virtualAuthenticators: true}
Session ID: d7e02a430f2b30a63aa34a225376a610]]>
            </message>
            <full-stacktrace>
              <![CDATA[org.openqa.selenium.WebDriverException: unknown error: net::ERR_CONNECTION_REFUSED
  (Session info: chrome=103.0.5060.66)
Build info: version: '4.0.0', revision: '3a21814679'
System info: host: 'DESKTOP-13GBCG0', ip: '10.0.0.193', os.name: 'Windows 10', os.arch: 'amd64', os.version: '10.0', java.version: '1.8.0_333'
Driver info: org.openqa.selenium.chrome.ChromeDriver
Command: [d7e02a430f2b30a63aa34a225376a610, get {url=http://localhost:9090/}]
Capabilities {acceptInsecureCerts: false, browserName: chrome, browserVersion: 103.0.5060.66, chrome: {chromedriverVersion: 103.0.5060.53 (a1711811edd7..., userDataDir: C:\Users\dhine\AppData\Loca...}, goog:chromeOptions: {debuggerAddress: localhost:55848}, javascriptEnabled: true, networkConnectionEnabled: false, pageLoadStrategy: normal, platform: WINDOWS, platformName: WINDOWS, proxy: Proxy(), se:cdp: ws://localhost:55848/devtoo..., se:cdpVersion: 103.0.5060.66, setWindowRect: true, strictFileInteractability: false, timeouts: {implicit: 0, pageLoad: 300000, script: 30000}, unhandledPromptBehavior: dismiss and notify, webauthn:extension:credBlob: true, webauthn:extension:largeBlob: true, webauthn:virtualAuthenticators: true}
Session ID: d7e02a430f2b30a63aa34a225376a610
at sun.reflect.NativeConstructorAccessorImpl.newInstance0(Native Method)
at sun.reflect.NativeConstructorAccessorImpl.newInstance(NativeConstructorAccessorImpl.java:62)
at sun.reflect.DelegatingConstructorAccessorImpl.newInstance(DelegatingConstructorAccessorImpl.java:45)
at java.lang.reflect.Constructor.newInstance(Constructor.java:423)
at org.openqa.selenium.remote.codec.w3c.W3CHttpResponseCodec.createException(W3CHttpResponseCodec.java:200)
at org.openqa.selenium.remote.codec.w3c.W3CHttpResponseCodec.decode(W3CHttpResponseCodec.java:133)
at org.openqa.selenium.remote.codec.w3c.W3CHttpResponseCodec.decode(W3CHttpResponseCodec.java:53)
at org.openqa.selenium.remote.HttpCommandExecutor.execute(HttpCommandExecutor.java:184)
at org.openqa.selenium.remote.service.DriverCommandExecutor.invokeExecute(DriverCommandExecutor.java:164)
at org.openqa.selenium.remote.service.DriverCommandExecutor.execute(DriverCommandExecutor.java:139)
at org.openqa.selenium.remote.RemoteWebDriver.execute(RemoteWebDriver.java:559)
at org.openqa.selenium.remote.RemoteWebDriver.get(RemoteWebDriver.java:328)
at com.project2.StepDefinitions.HomepageStepImpl.setup(HomepageStepImpl.java:30)
]]>
            </full-stacktrace>
          </exception> <!-- org.openqa.selenium.WebDriverException -->
          <reporter-output>
          </reporter-output>
        </test-method> <!-- runScenario -->
        <test-method status="PASS" signature="tearDownClass()[pri:0, instance:com.project2.TestRunner@710726a3]" name="tearDownClass" is-config="true" duration-ms="306" started-at="2022-07-04T15:22:32 EDT" finished-at="2022-07-04T15:22:32 EDT">
          <reporter-output>
          </reporter-output>
        </test-method> <!-- tearDownClass -->
      </class> <!-- com.project2.TestRunner -->
    </test> <!-- Test Valid User Login  -->
  </suite> <!-- Selenium tests with the Login Page -->
</testng-results>
