<?xml version="1.0" encoding="UTF-8"?>
<!-- Generated by org.testng.reporters.JUnitXMLReporter -->
<testsuite hostname="OT" ignored="0" name="Surefire test" tests="8" failures="0" timestamp="2022-07-06T15:27:45 EDT" time="1.215" errors="0">
  <testcase name="testBookDaoSearchNegative" time="0.843" classname="com.project2.AppTest"/>
  <testcase name="testBookDaoSearchPositive" time="0.029" classname="com.project2.AppTest"/>
  <testcase name="testRandomBooks" time="0.024" classname="com.project2.AppTest"/>
  <testcase name="testUserDaoInsertNegative" time="0.058" classname="com.project2.AppTest"/>
  <testcase name="testUserDaoInsertPositive" time="0.055" classname="com.project2.AppTest"/>
  <testcase name="testUserDaoLoginNegativePassword" time="0.034" classname="com.project2.AppTest"/>
  <testcase name="testUserDaoLoginNegativeUsername" time="0.023" classname="com.project2.AppTest"/>
  <testcase name="testUserDaoLoginPositive" time="0.024" classname="com.project2.AppTest"/>
</testsuite> <!-- Surefire test -->
